c:\users\didim\documents\dev\dindi\bin-int\debug-windows-x86_64\dindi\dindi.pdb
c:\users\didim\documents\dev\dindi\bin-int\debug-windows-x86_64\dindi\dindi.idb
c:\users\didim\documents\dev\dindi\bin-int\debug-windows-x86_64\dindi\shader.obj
c:\users\didim\documents\dev\dindi\bin-int\debug-windows-x86_64\dindi\application.obj
c:\users\didim\documents\dev\dindi\bin-int\debug-windows-x86_64\dindi\shaderhotreloader.obj
c:\users\didim\documents\dev\dindi\bin-int\debug-windows-x86_64\dindi\window.obj
c:\users\didim\documents\dev\dindi\bin-int\debug-windows-x86_64\dindi\input.obj
c:\users\didim\documents\dev\dindi\bin-int\debug-windows-x86_64\dindi\gui.obj
c:\users\didim\documents\dev\dindi\bin-int\debug-windows-x86_64\dindi\cube.obj
c:\users\didim\documents\dev\dindi\bin-int\debug-windows-x86_64\dindi\model.obj
c:\users\didim\documents\dev\dindi\bin-int\debug-windows-x86_64\dindi\mesh.obj
c:\users\didim\documents\dev\dindi\bin-int\debug-windows-x86_64\dindi\scene.obj
c:\users\didim\documents\dev\dindi\bin-int\debug-windows-x86_64\dindi\renderable.obj
c:\users\didim\documents\dev\dindi\bin-int\debug-windows-x86_64\dindi\renderer.obj
c:\users\didim\documents\dev\dindi\bin-int\debug-windows-x86_64\dindi\lowlevelrenderer.obj
c:\users\didim\documents\dev\dindi\bin-int\debug-windows-x86_64\dindi\camera.obj
c:\users\didim\documents\dev\dindi\bin-int\debug-windows-x86_64\dindi\deltatime.obj
c:\users\didim\documents\dev\dindi\bin-int\debug-windows-x86_64\dindi\dindi.pch
c:\users\didim\documents\dev\dindi\bin-int\debug-windows-x86_64\dindi\dindipch.obj
c:\users\didim\documents\dev\dindi\bin-int\debug-windows-x86_64\dindi\logger.obj
c:\users\didim\documents\dev\dindi\bin-int\debug-windows-x86_64\dindi\vec4.obj
c:\users\didim\documents\dev\dindi\bin-int\debug-windows-x86_64\dindi\vec3.obj
c:\users\didim\documents\dev\dindi\bin-int\debug-windows-x86_64\dindi\vec2.obj
c:\users\didim\documents\dev\dindi\bin-int\debug-windows-x86_64\dindi\mat4.obj
c:\users\didim\documents\dev\dindi\bin-int\debug-windows-x86_64\dindi\imgui_impl_opengl3.obj
c:\users\didim\documents\dev\dindi\bin-int\debug-windows-x86_64\dindi\imgui_impl_glfw.obj
c:\users\didim\documents\dev\dindi\bin\debug-windows-x86_64\dindi\dindi.lib
c:\users\didim\documents\dev\dindi\dindi\..\bin\debug-windows-x86_64\dindi\dindi.lib
c:\users\didim\documents\dev\dindi\bin-int\debug-windows-x86_64\dindi\dindi.tlog\cl.command.1.tlog
c:\users\didim\documents\dev\dindi\bin-int\debug-windows-x86_64\dindi\dindi.tlog\cl.read.1.tlog
c:\users\didim\documents\dev\dindi\bin-int\debug-windows-x86_64\dindi\dindi.tlog\cl.write.1.tlog
c:\users\didim\documents\dev\dindi\bin-int\debug-windows-x86_64\dindi\dindi.tlog\lib-link.read.1.tlog
c:\users\didim\documents\dev\dindi\bin-int\debug-windows-x86_64\dindi\dindi.tlog\lib-link.write.1.tlog
c:\users\didim\documents\dev\dindi\bin-int\debug-windows-x86_64\dindi\dindi.tlog\lib.command.1.tlog
