c:\users\didim\documents\dev\boids\bin-int\debug-windows-x86_64\boids\boids.pdb
c:\users\didim\documents\dev\boids\bin-int\debug-windows-x86_64\boids\boids.idb
c:\users\didim\documents\dev\boids\bin-int\debug-windows-x86_64\boids\logger.obj
c:\users\didim\documents\dev\boids\bin-int\debug-windows-x86_64\boids\shader.obj
c:\users\didim\documents\dev\boids\bin-int\debug-windows-x86_64\boids\scene.obj
c:\users\didim\documents\dev\boids\bin-int\debug-windows-x86_64\boids\renderable.obj
c:\users\didim\documents\dev\boids\bin-int\debug-windows-x86_64\boids\renderer.obj
c:\users\didim\documents\dev\boids\bin-int\debug-windows-x86_64\boids\lowlevelrenderer.obj
c:\users\didim\documents\dev\boids\bin-int\debug-windows-x86_64\boids\camera.obj
c:\users\didim\documents\dev\boids\bin-int\debug-windows-x86_64\boids\window.obj
c:\users\didim\documents\dev\boids\bin-int\debug-windows-x86_64\boids\input.obj
c:\users\didim\documents\dev\boids\bin-int\debug-windows-x86_64\boids\application.obj
c:\users\didim\documents\dev\boids\bin-int\debug-windows-x86_64\boids\cube.obj
c:\users\didim\documents\dev\boids\bin-int\debug-windows-x86_64\boids\model.obj
c:\users\didim\documents\dev\boids\bin-int\debug-windows-x86_64\boids\mesh.obj
c:\users\didim\documents\dev\boids\bin-int\debug-windows-x86_64\boids\deltatime.obj
c:\users\didim\documents\dev\boids\bin-int\debug-windows-x86_64\boids\vec4.obj
c:\users\didim\documents\dev\boids\bin-int\debug-windows-x86_64\boids\vec3.obj
c:\users\didim\documents\dev\boids\bin-int\debug-windows-x86_64\boids\vec2.obj
c:\users\didim\documents\dev\boids\bin-int\debug-windows-x86_64\boids\mat4.obj
c:\users\didim\documents\dev\boids\bin-int\debug-windows-x86_64\boids\imgui_impl_opengl3.obj
c:\users\didim\documents\dev\boids\bin-int\debug-windows-x86_64\boids\imgui_impl_glfw.obj
c:\users\didim\documents\dev\boids\bin-int\debug-windows-x86_64\boids\gui.obj
c:\users\didim\documents\dev\boids\bin-int\debug-windows-x86_64\boids\boids.pch
c:\users\didim\documents\dev\boids\bin-int\debug-windows-x86_64\boids\boidspch.obj
c:\users\didim\documents\dev\boids\bin\debug-windows-x86_64\boids\boids.lib
c:\users\didim\documents\dev\boids\boids\..\bin\debug-windows-x86_64\boids\boids.lib
c:\users\didim\documents\dev\boids\bin-int\debug-windows-x86_64\boids\boids.tlog\cl.command.1.tlog
c:\users\didim\documents\dev\boids\bin-int\debug-windows-x86_64\boids\boids.tlog\cl.read.1.tlog
c:\users\didim\documents\dev\boids\bin-int\debug-windows-x86_64\boids\boids.tlog\cl.write.1.tlog
c:\users\didim\documents\dev\boids\bin-int\debug-windows-x86_64\boids\boids.tlog\lib-link.read.1.tlog
c:\users\didim\documents\dev\boids\bin-int\debug-windows-x86_64\boids\boids.tlog\lib-link.write.1.tlog
c:\users\didim\documents\dev\boids\bin-int\debug-windows-x86_64\boids\boids.tlog\lib.command.1.tlog
